2015/04/26 13:05:48	このログには、ユーザー '孝尚' がコンピューター 'THX1CARBON' で実行した、プロジェクト 'Database1' へのスキーマのインポート操作に関する情報が含まれています。
2015/04/26 13:05:49	データベース スキーマのインポートを開始しました。
2015/04/26 13:05:52	ログインを収集しています
2015/04/26 13:06:31	データベース オプションを収集しています
2015/04/26 13:06:31	ユーザーを収集しています
2015/04/26 13:06:31	ロールを収集しています
2015/04/26 13:06:31	アプリケーション ロールを収集しています
2015/04/26 13:06:31	ロール メンバーシップを収集しています
2015/04/26 13:06:31	アセンブリを収集しています
2015/04/26 13:06:31	スキーマを収集しています
2015/04/26 13:06:31	XML スキーマ コレクションを収集しています
2015/04/26 13:06:31	ユーザー定義データ型を収集しています
2015/04/26 13:06:31	ユーザー定義型を収集しています
2015/04/26 13:06:31	テーブルの型を収集しています
2015/04/26 13:06:31	テーブル型の一意キーを収集しています
2015/04/26 13:06:31	テーブル型の主キーを収集しています
2015/04/26 13:06:31	テーブル型の CHECK 制約を収集しています
2015/04/26 13:06:31	テーブル型の既定の制約を収集しています
2015/04/26 13:06:31	関数を収集しています
2015/04/26 13:06:31	集計を収集しています
2015/04/26 13:06:31	プロシージャを収集しています
2015/04/26 13:06:31	テーブルを収集しています
2015/04/26 13:06:31	主キーを収集しています
2015/04/26 13:06:31	一意制約を収集しています
2015/04/26 13:06:31	外部キーを収集しています
2015/04/26 13:06:31	既定の制約を収集しています
2015/04/26 13:06:31	CHECK 制約を収集しています
2015/04/26 13:06:31	ビューを収集しています
2015/04/26 13:06:31	インデックスを収集しています
2015/04/26 13:06:31	統計を収集しています
2015/04/26 13:06:31	空間インデックスを収集しています
2015/04/26 13:06:31	トリガーを収集しています
2015/04/26 13:06:32	ddl トリガーを収集しています
2015/04/26 13:06:32	シノニムを収集しています
2015/04/26 13:06:32	既定値を収集しています
2015/04/26 13:06:32	データ制約の uddt のバインドを収集しています
2015/04/26 13:06:32	規則を収集しています
2015/04/26 13:06:32	データ制約の uddt のバインドを収集しています
2015/04/26 13:06:32	イベント通知を収集しています
2015/04/26 13:06:32	ログインを収集しています
2015/04/26 13:06:35	重複する要素についてプロジェクトをスキャンしています
2015/04/26 13:06:35	重複する要素の処理を完了しました
2015/04/26 13:06:36	データベースのインポートが終了しました。
2015/04/26 13:06:36	インポートの概要は次の場所に保存されました: C:\SpajamMadobenWebAPI\SpajamMadobenWebAPI\Database1\スキーマ ログのインポート\Database1_20150426040548.log
2015/04/26 13:06:36	続行するには [完了] をクリックしてください...
